<?xml version="1.0" encoding="utf-8"?><testsuites name="pytest tests"><testsuite name="pytest" errors="0" failures="0" skipped="0" tests="30" time="9.322" timestamp="2026-05-16T18:13:28.098641+00:00" hostname="agent-env-c869715a-2cde-4c33-a2e9-88147bcc2557"><testcase classname="test_backend.TestHealth" name="test_root" time="0.263" /><testcase classname="test_backend.TestHealth" name="test_health_mongo" time="0.205" /><testcase classname="test_backend.TestAuth" name="test_login_success" time="0.367" /><testcase classname="test_backend.TestAuth" name="test_login_invalid" time="0.381" /><testcase classname="test_backend.TestAuth" name="test_me_with_token" time="0.454" /><testcase classname="test_backend.TestAuth" name="test_me_without_token" time="0.109" /><testcase classname="test_backend.TestAuth" name="test_register_requires_admin" time="0.123" /><testcase classname="test_backend.TestAuth" name="test_register_creates_agent_and_rejects_duplicate" time="0.530" /><testcase classname="test_backend.TestAuth" name="test_register_rejected_for_non_admin" time="0.797" /><testcase classname="test_backend.TestMFAFlow" name="test_mfa_enroll_verify_login" time="1.632" /><testcase classname="test_backend.TestLeads" name="test_create_lead_public" time="0.130" /><testcase classname="test_backend.TestLeads" name="test_list_leads_requires_auth" time="0.103" /><testcase classname="test_backend.TestLeads" name="test_list_and_filter_leads" time="0.457" /><testcase classname="test_backend.TestLeads" name="test_get_lead_by_id" time="0.207" /><testcase classname="test_backend.TestLeads" name="test_patch_lead_status" time="0.236" /><testcase classname="test_backend.TestLeads" name="test_sync_ghl_mock" time="0.105" /><testcase classname="test_backend.TestDocuments" name="test_upload_png_then_list_and_download" time="0.527" /><testcase classname="test_backend.TestDocuments" name="test_upload_unsupported_type" time="0.100" /><testcase classname="test_backend.TestDocuments" name="test_upload_empty_file" time="0.137" /><testcase classname="test_backend.TestDocuments" name="test_upload_missing_lead" time="0.106" /><testcase classname="test_backend.TestSOA" name="test_sign_requires_consent" time="0.124" /><testcase classname="test_backend.TestSOA" name="test_sign_invalid_signature" time="0.134" /><testcase classname="test_backend.TestSOA" name="test_sign_success_and_lead_updated" time="0.395" /><testcase classname="test_backend.TestSOA" name="test_sign_lead_not_found" time="0.108" /><testcase classname="test_backend.TestAudit" name="test_agent_forbidden" time="0.802" /><testcase classname="test_backend.TestAudit" name="test_admin_can_read_audit" time="0.104" /><testcase classname="test_backend.TestAudit" name="test_audit_filter_by_event_type" time="0.128" /><testcase classname="test_backend.TestAudit" name="test_audit_filter_by_target_id" time="0.121" /><testcase classname="test_backend.TestAudit" name="test_audit_summary" time="0.151" /><testcase classname="test_backend.TestAudit" name="test_login_failed_audit_event_exists" time="0.213" /></testsuite></testsuites>